
     ######################################################################
   ##########################################################################
  ###                                                                      ###
 ###            Tinker  ---  Software Tools for Molecular Design            ###
 ##                                                                          ##
 ##                         Version 8.9.2  June 2021                         ##
 ##                                                                          ##
 ##               Copyright (c)  Jay William Ponder  1990-2021               ##
 ###                           All Rights Reserved                          ###
  ###                                                                      ###
   ##########################################################################
     ######################################################################


 Additional Atom Definition Parameters :

     Type  Class  Symbol  Description               Atomic    Mass   Valence

      406   406     N     ligand                       7     14.007     3
      403   403     C     ligand                       6     12.011     3
      401   401     C     ligand                       6     12.011     4
      413   413     F     ligand                       9     18.998     1
      404   404     C     ligand                       6     12.011     3
      405   405     C     ligand                       6     12.011     3
      408   408     C     ligand                       6     12.011     3
      411   411     C     ligand                       6     12.011     3
      409   409     C     ligand                       6     12.011     3
      410   410     C     ligand                       6     12.011     3
      407   407     C     ligand                       6     12.011     3
      412   412     S     ligand                      16     32.066     2
      402   402     C     ligand                       6     12.011     4
      416   416     O     ligand                       8     15.999     1
      415   415     O     ligand                       8     15.999     1
      420   420     H     ligand                       1      1.008     1
      419   419     H     ligand                       1      1.008     1
      417   417     H     ligand                       1      1.008     1
      418   418     H     ligand                       1      1.008     1
      414   414     H     ligand                       1      1.008     1

 Additional Bond Stretching Parameters :

     Atom Classes             K(S)         Length

       416 403             600.000         1.2183
       415 404             600.000         1.2183
       412 409             250.000         1.7600
       405 404             471.900         1.4700
       403 406             363.157         1.3651
       407 406             316.061         1.4100
       417 406             475.798         1.0120
       401 403             223.867         1.5204
       413 401             291.343         1.3653
       404 401             223.867         1.5204
       408 405             485.389         1.4000
       407 405             485.389         1.4100
       411 408             485.389         1.3900
       419 408             365.162         1.0875
       409 411             485.389         1.4100
       420 411             365.162         1.0875
       410 409             485.389         1.4000
       407 410             485.389         1.3900
       418 410             365.162         1.0875
       402 412             185.291         1.8062
       414 402             345.979         1.0940

 Additional Angle Bending Parameters :

     Atom Classes             K(B)          Angle

     412 409 411            60.000        124.610
     412 409 410            60.000        116.030
     406 403 416            65.000        124.200
     413 401 403            65.000        107.940
     416 403 401            65.000        122.780
     415 404 401            65.000        120.860
     415 404 405            65.000        125.540
     402 412 409            80.000        102.800
     404 401 413            89.000        108.420
     404 401 403            60.000        115.320
     405 404 401            60.000        113.480
     407 405 404            60.000        120.000
     406 403 401            80.000        113.120
     408 405 404            60.000        121.700
     409 411 408            60.000        119.810
     407 410 409            60.000        121.700
     411 408 405            63.310        120.000
     410 407 405            63.310        120.000
     407 405 408            63.310        120.000
     410 409 411            63.310        120.000
     407 406 403            65.000        125.680
     405 407 406            71.989        120.800
     410 407 406            71.989        119.350
     417 406 403            40.855        114.730
     413 401 413            64.614        108.843
     419 408 405            57.301        118.270
     420 411 408            57.301        119.020
     419 408 411            57.301        121.251
     420 411 409            57.301        121.251
     418 410 409            57.301        119.630
     417 406 407            37.409        118.460
     418 410 407            57.301        119.650
     414 402 412            43.847        109.740
     414 402 414            36.407        110.510

 Additional Stretch-Bend Parameters :

     Atom Classes          K(SB)-1        K(SB)-2

     412 409 411             0.000          0.000
     412 409 410             0.000          0.000
     406 403 416             0.000          0.000
     413 401 403             0.000          0.000
     416 403 401             0.000          0.000
     415 404 401             0.000          0.000
     415 404 405             0.000          0.000
     402 412 409             0.000          0.000
     404 401 413             0.000          0.000
     404 401 403             0.000          0.000
     405 404 401             0.000          0.000
     407 405 404             0.000          0.000
     406 403 401             0.000          0.000
     408 405 404             0.000          0.000
     409 411 408             0.000          0.000
     407 410 409             0.000          0.000
     411 408 405            18.700         18.700
     410 407 405            18.700         18.700
     407 405 408            18.700         18.700
     410 409 411            18.700         18.700
     405 407 406            34.200         34.200
     410 407 406            34.200         34.200
     417 406 403            25.952         25.952
     413 401 413             5.713          5.713
     419 408 405            34.200         34.200
     420 411 408            34.200         34.200
     419 408 411            34.200         34.200
     420 411 409            34.200         34.200
     418 410 409            34.200         34.200
     417 406 407            11.085         11.085
     418 410 407            34.200         34.200
     414 402 412             5.713          5.713
     414 402 414             5.713          5.713

 Additional Out-of-Plane Bend Parameters :

     Atom Classes                   K(OPB)

     420 411   0   0                15.100
     419 408   0   0                 7.900
     418 410   0   0                 7.900
     405 408   0   0                14.400
     405 407   0   0                14.400
     408 411   0   0                14.400
     411 409   0   0                14.400
     409 410   0   0                14.400
     410 407   0   0                14.400
     403 406   0   0                21.717
     407 406   0   0                38.816
     417 406   0   0                26.895
     401 403   0   0                72.989
     416 403   0   0                16.505
     404 401   0   0                72.989
     405 404   0   0                38.816
     415 404   0   0                16.505
     406 403   0   0                 3.600
     406 403   0   0                71.940
     406 407   0   0                 3.600
     406 407   0   0                14.390
     401 404   0   0                71.940
     404 405   0   0                71.940
     404 405   0   0                14.390
     408 405   0   0                14.390
     407 405   0   0                14.390
     411 408   0   0                14.390
     409 411   0   0                14.390
     410 409   0   0                14.390
     407 410   0   0                14.390
     412 409   0   0                14.390

 Additional Torsional Parameters :

     Atom Classes     1-Fold    2-Fold    3-Fold    4-Fold    5-Fold    6-Fold

   412 409 411 408  -0.67   0  6.29 180  0.00   0  0.00   0  0.00   0  0.00   0
   412 409 410 407  -0.67   0  6.29 180  0.00   0  0.00   0  0.00   0  0.00   0
   413 401 403 416   0.85   0 -0.37 180  0.11   0  0.00   0  0.00   0  0.00   0
   413 401 404 415   0.85   0 -0.37 180  0.11   0  0.00   0  0.00   0  0.00   0
   413 401 403 406   0.85   0 -0.37 180  0.11   0  0.00   0  0.00   0  0.00   0
   416 403 406 407  -0.67   0  6.29 180  0.00   0  0.00   0  0.00   0  0.00   0
   417 406 403 416   0.55   0  6.19 180 -0.55   0  0.00   0  0.00   0  0.00   0
   415 404 401 403   0.85   0 -0.37 180  0.11   0  0.00   0  0.00   0  0.00   0
   416 403 401 404   0.85   0 -0.37 180  0.11   0  0.00   0  0.00   0  0.00   0
   415 404 405 408  -0.67   0  6.29 180  0.00   0  0.00   0  0.00   0  0.00   0
   415 404 405 407  -0.67   0  6.29 180  0.00   0  0.00   0  0.00   0  0.00   0
   414 402 412 409   0.00   0  0.00 180  0.00   0  0.00   0  0.00   0  0.00   0
   411 409 412 402   0.00   0  0.00 180  0.00   0  0.00   0  0.00   0  0.00   0
   410 409 412 402   0.00   0  0.00 180  0.00   0  0.00   0  0.00   0  0.00   0
   420 411 409 412   0.55   0  6.19 180 -0.55   0  0.00   0  0.00   0  0.00   0
   418 410 409 412   0.55   0  6.19 180 -0.55   0  0.00   0  0.00   0  0.00   0
   405 404 401 403   0.85   0 -0.37 180  0.11   0  0.00   0  0.00   0  0.00   0
   420 411 409 410   0.55   0  6.19 180 -0.55   0  0.00   0  0.00   0  0.00   0
   403 406 407 405  -0.67   0  6.29 180  0.00   0  0.00   0  0.00   0  0.00   0
   407 406 403 401  -0.67   0  6.29 180  0.00   0  0.00   0  0.00   0  0.00   0
   408 405 404 401  -0.67   0  6.29 180  0.00   0  0.00   0  0.00   0  0.00   0
   411 408 405 404  -0.67   0  6.29 180  0.00   0  0.00   0  0.00   0  0.00   0
   410 407 405 404  -0.67   0  6.29 180  0.00   0  0.00   0  0.00   0  0.00   0
   410 409 411 408  -0.67   0  6.29 180  0.00   0  0.00   0  0.00   0  0.00   0
   419 408 405 404   0.55   0  6.19 180 -0.55   0  0.00   0  0.00   0  0.00   0
   418 410 409 411   0.55   0  6.19 180 -0.55   0  0.00   0  0.00   0  0.00   0
   419 408 411 409   0.55   0  6.19 180 -0.55   0  0.00   0  0.00   0  0.00   0
   419 408 411 420   0.00   0  0.00 180  0.00   0  0.00   0  0.00   0  0.00   0
   401 403 406 417   0.55   0  6.19 180 -0.55   0  0.00   0  0.00   0  0.00   0
   405 407 406 417   0.00   0  0.00 180  0.00   0  0.00   0  0.00   0  0.00   0
   410 407 406 417   0.00   0  0.00 180  0.00   0  0.00   0  0.00   0  0.00   0
   410 407 406 403  -0.67   0  6.29 180  0.00   0  0.00   0  0.00   0  0.00   0
   413 401 404 405   0.85   0 -0.37 180  0.11   0  0.00   0  0.00   0  0.00   0
   406 407 410 418   0.00   0  0.00 180  0.00   0  0.00   0  0.00   0  0.00   0
   405 408 411 420   0.00   0  0.00 180  0.00   0  0.00   0  0.00   0  0.00   0
   405 407 410 418   0.00   0  0.00 180  0.00   0  0.00   0  0.00   0  0.00   0
   407 405 408 419   0.00   0  0.00 180  0.00   0  0.00   0  0.00   0  0.00   0
   404 401 403 406   0.85   0 -0.37 180  0.11   0  0.00   0  0.00   0  0.00   0
   404 405 407 406  -0.67   0  6.29 180  0.00   0  0.00   0  0.00   0  0.00   0
   408 405 407 406   0.00   0  0.00 180  0.00   0  0.00   0  0.00   0  0.00   0
   409 410 407 406  -0.67   0  6.29 180  0.00   0  0.00   0  0.00   0  0.00   0
   407 405 404 401  -0.67   0  6.29 180  0.00   0  0.00   0  0.00   0  0.00   0
   409 411 408 405  -0.67   0  6.29 180  0.00   0  0.00   0  0.00   0  0.00   0
   409 410 407 405  -0.67   0  6.29 180  0.00   0  0.00   0  0.00   0  0.00   0
   410 407 405 408   0.00   0  0.00 180  0.00   0  0.00   0  0.00   0  0.00   0
   407 405 408 411   0.00   0  0.00 180  0.00   0  0.00   0  0.00   0  0.00   0
   407 410 409 411  -0.67   0  6.29 180  0.00   0  0.00   0  0.00   0  0.00   0

 Additional Atomic Multipole Parameters :

     Atom Type     Coordinate Frame Definition         Multipole Moments

         406      403    407      0   Z-then-X    -0.43659
                                                   0.15169  0.00000 -0.13834
                                                   0.25922
                                                   0.00000 -0.41999
                                                   0.05588  0.00000  0.16077

         403      416    406      0   Z-then-X     0.86484
                                                   0.19302  0.00000  0.23649
                                                   0.15605
                                                   0.00000 -0.12660
                                                  -0.04325  0.00000 -0.02945

         401      403    413    413   Z-Bisect     0.39375
                                                   0.25283  0.00000 -0.18534
                                                   0.09694
                                                   0.00000  0.38756
                                                  -0.44943  0.00000 -0.48450

         413      401    413      0   Z-then-X    -0.24222
                                                  -0.03710  0.00000  0.19456
                                                  -0.27440
                                                   0.00000 -0.25285
                                                  -0.04879  0.00000  0.52725

         404      415    405      0   Z-then-X     0.79616
                                                  -0.00546  0.00000  0.42561
                                                   0.00412
                                                   0.00000 -0.13247
                                                   0.35668  0.00000  0.12835

         405      404    407      0   Z-then-X    -0.34020
                                                  -0.04048  0.00000  0.27227
                                                   0.07653
                                                   0.00000 -0.29390
                                                  -0.01378  0.00000  0.21737

         408      405    411      0   Z-then-X     0.30824
                                                   0.39843  0.00000  0.37282
                                                   0.73839
                                                   0.00000 -0.48032
                                                   0.60632  0.00000 -0.25807

         411      409    408      0   Z-then-X    -0.09024
                                                  -0.30621  0.00000  0.03247
                                                  -0.00088
                                                   0.00000 -0.46955
                                                  -0.14061  0.00000  0.47043

         409      412    410      0   Z-then-X    -0.13278
                                                   0.04055  0.00000  0.00301
                                                   0.10221
                                                   0.00000  0.10169
                                                   0.41692  0.00000 -0.20390

         410      409    407      0   Z-then-X    -0.07856
                                                  -0.01101  0.00000  0.04668
                                                   0.29505
                                                   0.00000 -0.34897
                                                   0.06014  0.00000  0.05392

         407      406    405      0   Z-then-X     0.29576
                                                   0.05832  0.00000  0.26580
                                                  -0.22265
                                                   0.00000 -0.00310
                                                   0.02160  0.00000  0.22575

         412      409    402      0   Z-then-X     0.21877
                                                   0.40237  0.00000  0.30413
                                                   0.97276
                                                   0.00000 -2.46351
                                                  -0.53378  0.00000  1.49075

         402      412    409      0   Z-then-X    -0.19892
                                                  -0.06380  0.00000  0.08592
                                                  -0.19394
                                                   0.00000  0.04545
                                                  -0.06582  0.00000  0.14849

         416      403    406      0   Z-then-X    -0.74070
                                                   0.00484  0.00000 -0.18533
                                                  -0.34700
                                                   0.00000  0.22918
                                                   0.01744  0.00000  0.11782

         415      404    405      0   Z-then-X    -0.73823
                                                  -0.12316  0.00000 -0.32673
                                                  -0.41778
                                                   0.00000  0.39930
                                                  -0.16942  0.00000  0.01848

         420      411    409      0   Z-then-X     0.00750
                                                   0.03468  0.00000 -0.17883
                                                   0.12131
                                                   0.00000 -0.01793
                                                  -0.08083  0.00000 -0.10338

         419      408    405      0   Z-then-X     0.04197
                                                  -0.00299  0.00000 -0.04694
                                                   0.13102
                                                   0.00000 -0.06027
                                                   0.01687  0.00000 -0.07075

         417      406    403      0   Z-then-X     0.10916
                                                  -0.00098  0.00000 -0.29925
                                                   0.19895
                                                   0.00000  0.13387
                                                   0.11519  0.00000 -0.33282

         418      410    409      0   Z-then-X     0.00942
                                                   0.04794  0.00000 -0.11557
                                                  -0.07042
                                                   0.00000  0.09492
                                                  -0.00562  0.00000 -0.02450

         414      402    412      0   Z-then-X     0.06503
                                                   0.01623  0.00000 -0.00388
                                                   0.01732
                                                   0.00000 -0.07227
                                                  -0.01033  0.00000  0.05495

 Additional Atomic Dipole Polarizability Parameters :

     Atom Type           Alpha       Thole     Group Atom Types

         406             1.132       0.390         403  417
         403             1.359       0.390         406  416
         401             1.396       0.390         413
         413             0.507       0.390         401
         404             1.365       0.390         415
         405             1.981       0.390         408  407
         408             1.981       0.390         405  411  419
         411             1.981       0.390         408  409  420
         409             1.981       0.390         411  410
         410             1.981       0.390         409  407  418
         407             1.981       0.390         405  410
         412             3.301       0.390
         402             1.114       0.390         414
         416             1.176       0.390         403
         415             1.176       0.390         404
         420             0.284       0.390         411
         419             0.284       0.390         408
         417             0.637       0.390         406
         418             0.284       0.390         410
         414             0.284       0.390         402

 Additional van der Waals Parameters :

     Atom Class               Size        Epsilon        Reduction

         413                3.4300         0.2500          0.000
         417                2.7000         0.0200          0.910
         416                3.3000         0.1120          0.000
         415                3.3000         0.1120          0.000
         402                3.7800         0.1060          0.000
         412                4.0050         0.3550          0.000
         414                2.8700         0.0330          0.900
         410                3.8000         0.0910          0.000
         420                2.9800         0.0260          0.920
         419                2.9800         0.0260          0.920
         418                2.9800         0.0260          0.920
         406                3.7100         0.1050          0.000
         403                3.8000         0.1010          0.000
         401                3.8000         0.1010          0.000
         404                3.8000         0.1010          0.000
         405                3.8000         0.1010          0.000
         408                3.8000         0.1010          0.000
         411                3.8000         0.1010          0.000
         409                3.8000         0.1010          0.000
         407                3.8000         0.1010          0.000

 Additional Solvation Parameters :

     Atom Class               Size

         420                0.0000
         419                0.0000
         418                0.0000
         414                0.0000
         417                0.0000
         401                0.0000
         403                0.0000
         404                0.0000
         405                0.0000
         408                0.0000
         411                0.0000
         409                0.0000
         410                0.0000
         407                0.0000
         402                0.0000
         406                0.0000
         416                0.0000
         415                0.0000
         413                0.0000
         412                0.0000

 Limited Memory BFGS Quasi-Newton Optimization :

 QN Iter     F Value      G RMS      F Move   X Move   Angle  FG Call  Comment

     0      179.5609   264.6220                                   1
     1       80.5287    91.6746     99.0322   0.0330    0.00      3    Success 
     2       61.6100    69.3116     18.9187   0.0109   19.18      4    Success 
     3       35.9030    31.8460     25.7070   0.0257   22.64      5    Success 
     4       28.5814    14.5789      7.3216   0.0198   32.01      6    Success 
     5       26.6797    11.4780      1.9018   0.0103   39.74      7    Success 
     6       25.1416    13.8208      1.5381   0.0163   44.51      8    Success 
     7       23.6754    10.2041      1.4662   0.0109   52.96      9    Success 
     8       22.0203    13.7534      1.6552   0.0176   57.45     10    Success 
     9       19.8831    12.6052      2.1371   0.0317   71.71     11    Success 
    10       18.9675    17.3827      0.9156   0.0416   74.25     12    Success 
    11       17.7319     6.9451      1.2356   0.0052   28.23     13    Success 
    12       17.1189     5.1903      0.6130   0.0069   37.04     14    Success 
    13       16.6388     5.1193      0.4801   0.0124   62.51     15    Success 
    14       16.2201     4.2184      0.4187   0.0128   60.29     16    Success 
    15       16.0823     3.0761      0.1378   0.0072   66.69     18    Success 
    16       15.9867     2.0409      0.0956   0.0045   65.10     19    Success 
    17       15.8830     2.5070      0.1037   0.0049   47.60     20    Success 
    18       15.7835     2.2472      0.0996   0.0068   67.80     21    Success 
    19       15.7492     3.0642      0.0343   0.0070   67.26     22    Success 
    20       15.7056     1.1256      0.0436   0.0016   53.16     23    Success 
    21       15.6907     0.9466      0.0149   0.0010   40.41     24    Success 
    22       15.6707     1.2657      0.0200   0.0019   51.77     25    Success 
    23       15.6424     1.9702      0.0282   0.0033   65.05     26    Success 
    24       15.6044     1.5425      0.0380   0.0056   77.16     27    Success 
    25       15.5672     1.4292      0.0372   0.0060   75.81     28    Success 
    26       15.5314     1.6196      0.0357   0.0076   74.38     29    Success 
    27       15.5036     1.2492      0.0278   0.0038   72.00     30    Success 
    28       15.4823     1.0493      0.0213   0.0025   67.25     31    Success 
    29       15.4701     2.3338      0.0122   0.0048   68.53     32    Success 
    30       15.4551     0.7340      0.0150   0.0013   68.74     33    Success 
    31       15.4509     0.5550      0.0042   0.0007   60.93     34    Success 
    32       15.4467     0.5311      0.0042   0.0011   67.24     35    Success 
    33       15.4403     0.5264      0.0064   0.0017   66.62     36    Success 
    34       15.4363     1.2118      0.0040   0.0024   63.63     37    Success 
    35       15.4303     0.6503      0.0059   0.0011   75.12     38    Success 
    36       15.4260     0.3423      0.0043   0.0012   67.56     39    Success 
    37       15.4235     0.4116      0.0026   0.0009   62.33     40    Success 
    38       15.4193     0.5079      0.0042   0.0014   67.05     41    Success 
    39       15.4138     0.6906      0.0055   0.0024   73.12     42    Success 
    40       15.4067     0.5112      0.0070   0.0036   78.75     43    Success 
    41       15.4021     0.4712      0.0046   0.0022   74.78     44    Success 
    42       15.3989     0.5866      0.0032   0.0029   73.06     45    Success 
    43       15.3965     0.2974      0.0025   0.0007   67.37     46    Success 
    44       15.3948     0.2712      0.0016   0.0005   51.90     47    Success 
    45       15.3927     0.2960      0.0022   0.0012   64.81     48    Success 
    46       15.3920     0.3684      0.0007   0.0007   73.97     50    Success 
    47       15.3911     0.1917      0.0009   0.0011   81.81     51    Success 
    48       15.3906     0.1694      0.0005   0.0008   78.01     52    Success 
    49       15.3901     0.2021      0.0006   0.0007   70.10     53    Success 
    50       15.3895     0.1548      0.0006   0.0004   66.83     54    Success 
    51       15.3891     0.2846      0.0004   0.0006   66.19     55    Success 
    52       15.3889     0.1371      0.0003   0.0003   74.72     56    Success 
    53       15.3887     0.0995      0.0001   0.0001   57.24     57   SmallGrad

 LBFGS  --  Normal Termination due to SmallGrad

 Final Function Value :           15.3887
 Final RMS Gradient :              0.0995
 Final Gradient Norm :             0.4773
